<?xml version="1.0" encoding="UTF-8"?>
<testsuite name="Google Translate" tests="1" skipped="0" failures="0" errors="0" timestamp="2021-11-17T15:48:47" hostname="PSOFKA0316.local" time="0.845">
  <properties/>
  <testcase name="translate from english to spanish" classname="Google Translate" time="0.845"/>
  <system-out><![CDATA[10:48:47.819 [Test worker] DEBUG io.cucumber.core.plugin.SerenityReporter - Running feature from file:///Users/juan.camargo/Documents/screenPlayExercise/src/test/resources/features/google_translate.feature
10:48:48.037 [Test worker] INFO  - 
  _____   ___   ___   _____     ___   _____     _     ___   _____   ___   ___  
 |_   _| | __| / __| |_   _|   / __| |_   _|   /_\   | _ \ |_   _| | __| |   \ 
   | |   | _|  \__ \   | |     \__ \   | |    / _ \  |   /   | |   | _|  | |) |
   |_|   |___| |___/   |_|     |___/   |_|   /_/ \_\ |_|_\   |_|   |___| |___/ 

translate from english to spanish(google-translate;translate-from-english-to-spanish)
--------------------------------------------------------------------------------
10:48:48.158 [Test worker] DEBUG net.thucydides.core.requirements.model.cucumber.CucumberParser - Added feature Google Translate
10:48:48.484 [Test worker] INFO  - 
  _____   ___   ___   _____     ___     _     ___   ___   ___   ___  
 |_   _| | __| / __| |_   _|   | _ \   /_\   / __| / __| | __| |   \ 
   | |   | _|  \__ \   | |     |  _/  / _ \  \__ \ \__ \ | _|  | |) |
   |_|   |___| |___/   |_|     |_|   /_/ \_\ |___/ |___/ |___| |___/ 

translate from english to spanish
----------------------------------------------------------------------
]]></system-out>
  <system-err><![CDATA[]]></system-err>
</testsuite>
